<?xml version="1.0" encoding="UTF-8"?>
<!-- Generated by org.testng.reporters.JUnitXMLReporter -->
<testsuite ignored="0" hostname="LAPTOP-70EJSEMU" failures="0" tests="4" name="Test" time="21.116" errors="0" timestamp="2022-08-26T21:49:19 IST">
  <testcase classname="tests.PimTest" name="@BeforeMethod login" time="0.003">
    <failure type="java.lang.NullPointerException" message="Cannot invoke &amp;quot;org.openqa.selenium.SearchContext.findElement(org.openqa.selenium.By)&amp;quot; because &amp;quot;this.searchContext&amp;quot; is null">
      <![CDATA[java.lang.NullPointerException: Cannot invoke "org.openqa.selenium.SearchContext.findElement(org.openqa.selenium.By)" because "this.searchContext" is null
at org.openqa.selenium.support.pagefactory.DefaultElementLocator.findElement(DefaultElementLocator.java:70)
at org.openqa.selenium.support.pagefactory.internal.LocatingElementHandler.invoke(LocatingElementHandler.java:39)
at com.sun.proxy.$Proxy13.sendKeys(Unknown Source)
at mainpagejava.LoginPage.LoginMethod(LoginPage.java:30)
at tests.PimTest.login(PimTest.java:28)
at java.base/java.util.ArrayList.forEach(ArrayList.java:1511)
... Removed 31 stack frames]]>
    </failure>
  </testcase> <!-- @BeforeMethod login -->
  <testcase classname="tests.BaseTest" name="@AfterClass tearDownEnvironment" time="-1.661530748503E9">
    <skipped/>
  </testcase> <!-- @AfterClass tearDownEnvironment -->
  <testcase classname="tests.PimTest" name="verifyPimPage" time="0.0">
    <skipped/>
  </testcase> <!-- verifyPimPage -->
  <testcase classname="tests.LoginTest" name="verifyUrlOfPage" time="0.034"/>
  <testcase classname="tests.LoginTest" name="verifyLoginPageIsDisplayed" time="0.107"/>
  <testcase classname="tests.LoginTest" name="verifyLogin" time="3.519"/>
</testsuite> <!-- Test -->
